<?xml version="1.0" encoding="UTF-8"?>
<!-- Generated by org.testng.reporters.JUnitReportReporter -->
<testsuite hostname="Saurabhs-MacBook-Air.local" failures="0" tests="1" name="tests.Assessment" time="0.283" errors="0" timestamp="2024-10-24T23:34:03 IST" skipped="0">
  <testcase classname="tests.Assessment" name="enterDataIntoTheTable" time="0.283"/>
  <system-out/>
</testsuite> <!-- tests.Assessment -->
